<?xml version="1.0" encoding="UTF-8"?>
<!-- Generated by org.testng.reporters.JUnitXMLReporter -->
<testsuite ignored="0" hostname="LAPTOP-EPLP61U0" failures="0" tests="2" name="Default test" time="0.067" errors="0" timestamp="26 Mar 2021 01:07:01 GMT">
  <testcase classname="com.test.SearchWithEnteredTerms" name="@BeforeTest setUp" time="0.0">
    <failure type="org.testng.TestNGException" message="
Parameter &amp;apos;browser&amp;apos; is required by BeforeTest on method setUp but has not been marked @Optional or defined
in C:\Users\smita\AppData\Local\Temp\testng-eclipse--2064281353\testng-customsuite.xml">
      <![CDATA[org.testng.TestNGException: Parameter 'browser' is required by BeforeTest on method setUp but has not been marked @Optional or definedin C:\Users\smita\AppData\Local\Temp\testng-eclipse--2064281353\testng-customsuite.xmlat org.testng.internal.Parameters.createParams(Parameters.java:290)at org.testng.internal.Parameters.createParametersForMethod(Parameters.java:359)at org.testng.internal.Parameters.createParameters(Parameters.java:620)at org.testng.internal.Parameters.createConfigurationParameters(Parameters.java:190)at org.testng.internal.Invoker.invokeConfigurations(Invoker.java:209)at org.testng.internal.Invoker.invokeConfigurations(Invoker.java:142)at org.testng.TestRunner.beforeRun(TestRunner.java:529)at org.testng.TestRunner.run(TestRunner.java:497)at org.testng.SuiteRunner.runTest(SuiteRunner.java:455)at org.testng.SuiteRunner.runSequentially(SuiteRunner.java:450)at org.testng.SuiteRunner.privateRun(SuiteRunner.java:415)at org.testng.SuiteRunner.run(SuiteRunner.java:364)at org.testng.SuiteRunnerWorker.runSuite(SuiteRunnerWorker.java:52)at org.testng.SuiteRunnerWorker.run(SuiteRunnerWorker.java:84)at org.testng.TestNG.runSuitesSequentially(TestNG.java:1187)at org.testng.TestNG.runSuitesLocally(TestNG.java:1116)at org.testng.TestNG.runSuites(TestNG.java:1028)at org.testng.TestNG.run(TestNG.java:996)at org.testng.remote.AbstractRemoteTestNG.run(AbstractRemoteTestNG.java:115)at org.testng.remote.RemoteTestNG.initAndRun(RemoteTestNG.java:251)at org.testng.remote.RemoteTestNG.main(RemoteTestNG.java:77)]]>
    </failure>
  </testcase> <!-- @BeforeTest setUp -->
  <testcase classname="com.test.SearchWithEnteredTerms" name="@AfterMethod clearSearch" time="0.0">
    <skipped/>
  </testcase> <!-- @AfterMethod clearSearch -->
  <testcase classname="com.test.SearchWithEnteredTerms" name="@AfterMethod clearSearch" time="0.0">
    <skipped/>
  </testcase> <!-- @AfterMethod clearSearch -->
  <testcase classname="com.test.SearchWithEnteredTerms" name="@AfterTest tearDown" time="0.0">
    <skipped/>
  </testcase> <!-- @AfterTest tearDown -->
  <testcase classname="com.test.SearchWithEnteredTerms" name="searchWithEnteredData" time="0.0">
    <skipped/>
  </testcase> <!-- searchWithEnteredData -->
  <testcase classname="com.test.SearchWithEnteredTerms" name="searchdynamicOptions" time="0.0">
    <skipped/>
  </testcase> <!-- searchdynamicOptions -->
</testsuite> <!-- Default test -->
