<?xml version="1.0" encoding="UTF-8"?>
<!-- Generated by org.testng.reporters.JUnitXMLReporter -->
<testsuite ignored="0" hostname="LAPTOP-EPLP61U0" failures="0" tests="1" name="Surefire test" time="0.139" errors="0" timestamp="24 Mar 2021 21:48:52 GMT">
  <testcase classname="ExcerciseGroup.ExcerciseArtifactProject.startTest" name="@BeforeMethod setUp" time="0.1">
    <failure type="org.openqa.selenium.WebDriverException" message="Cannot find firefox binary in PATH. Make sure firefox is installed. OS appears to be: WIN10
Build info: version: &amp;apos;3.11.0&amp;apos;, revision: &amp;apos;e59cfb3&amp;apos;, time: &amp;apos;2018-03-11T20:26:55.152Z&amp;apos;
System info: host: &amp;apos;LAPTOP-EPLP61U0&amp;apos;, ip: &amp;apos;10.0.0.190&amp;apos;, os.name: &amp;apos;Windows 10&amp;apos;, os.arch: &amp;apos;amd64&amp;apos;, os.version: &amp;apos;10.0&amp;apos;, java.version: &amp;apos;14.0.2&amp;apos;
Driver info: driver.version: FirefoxDriver">
      <![CDATA[org.openqa.selenium.WebDriverException: Cannot find firefox binary in PATH. Make sure firefox is installed. OS appears to be: WIN10Build info: version: '3.11.0', revision: 'e59cfb3', time: '2018-03-11T20:26:55.152Z'System info: host: 'LAPTOP-EPLP61U0', ip: '10.0.0.190', os.name: 'Windows 10', os.arch: 'amd64', os.version: '10.0', java.version: '14.0.2'Driver info: driver.version: FirefoxDriverat org.openqa.selenium.firefox.FirefoxBinary.<init>(FirefoxBinary.java:116)at java.base/java.util.Optional.orElseGet(Optional.java:362)at org.openqa.selenium.firefox.FirefoxOptions.getBinary(FirefoxOptions.java:217)at org.openqa.selenium.firefox.FirefoxDriver.toExecutor(FirefoxDriver.java:155)at org.openqa.selenium.firefox.FirefoxDriver.<init>(FirefoxDriver.java:120)at org.openqa.selenium.firefox.FirefoxDriver.<init>(FirefoxDriver.java:98)at ExcerciseGroup.ExcerciseArtifactProject.startTest.setUp(startTest.java:43)... Removed 33 stack frames]]>
    </failure>
  </testcase> <!-- @BeforeMethod setUp -->
  <testcase classname="ExcerciseGroup.ExcerciseArtifactProject.startTest" name="@AfterMethod tearDown" time="0.0">
    <skipped/>
  </testcase> <!-- @AfterMethod tearDown -->
  <testcase classname="ExcerciseGroup.ExcerciseArtifactProject.startTest" name="searchdynamicOptions" time="0.0">
    <skipped/>
  </testcase> <!-- searchdynamicOptions -->
</testsuite> <!-- Surefire test -->
